#
# There is insufficient memory for the Java Runtime Environment to continue.
# Native memory allocation (malloc) failed to allocate 1048576 bytes for AllocateHeap
# Possible reasons:
#   The system is out of physical RAM or swap space
#   The process is running with CompressedOops enabled, and the Java Heap may be blocking the growth of the native heap
# Possible solutions:
#   Reduce memory load on the system
#   Increase physical memory or swap space
#   Check if swap backing store is full
#   Decrease Java heap size (-Xmx/-Xms)
#   Decrease number of Java threads
#   Decrease Java thread stack sizes (-Xss)
#   Set larger code cache with -XX:ReservedCodeCacheSize=
#   JVM is running with Unscaled Compressed Oops mode in which the Java heap is
#     placed in the first 4GB address space. The Java Heap base address is the
#     maximum limit for the native heap growth. Please use -XX:HeapBaseMinAddress
#     to set the Java Heap base and to place the Java Heap above 4GB virtual address.
# This output file may be truncated or incomplete.
#
#  Out of Memory Error (memory/allocation.inline.hpp:61), pid=20360, tid=0x00000000000050e4
#
# JRE version:  (8.0_231-b11) (build )
# Java VM: Java HotSpot(TM) 64-Bit Server VM (25.231-b11 mixed mode windows-amd64 compressed oops)
# Failed to write core dump. Minidumps are not enabled by default on client versions of Windows
#

---------------  T H R E A D  ---------------

Current thread (0x000000000273e000):  JavaThread "Unknown thread" [_thread_in_vm, id=20708, stack(0x0000000002550000,0x0000000002650000)]

Stack: [0x0000000002550000,0x0000000002650000]
[error occurred during error reporting (printing stack bounds), id 0xc0000005]

Native frames: (J=compiled Java code, j=interpreted, Vv=VM code, C=native code)


---------------  P R O C E S S  ---------------

Java Threads: ( => current thread )

Other Threads:

=>0x000000000273e000 (exited) JavaThread "Unknown thread" [_thread_in_vm, id=20708, stack(0x0000000002550000,0x0000000002650000)]

VM state:not at safepoint (normal execution)

VM Mutex/Monitor currently owned by a thread: None

heap address: 0x0000000081000000, size: 2032 MB, Compressed Oops mode: 32-bit
Narrow klass base: 0x0000000000000000, Narrow klass shift: 3
Compressed class space size: 1073741824 Address: 0x0000000100000000

Heap:
 PSYoungGen      total 38400K, used 665K [0x00000000d5b00000, 0x00000000d8580000, 0x0000000100000000)
  eden space 33280K, 2% used [0x00000000d5b00000,0x00000000d5ba6670,0x00000000d7b80000)
  from space 5120K, 0% used [0x00000000d8080000,0x00000000d8080000,0x00000000d8580000)
  to   space 5120K, 0% used [0x00000000d7b80000,0x00000000d7b80000,0x00000000d8080000)
 ParOldGen       total 87552K, used 0K [0x0000000081000000, 0x0000000086580000, 0x00000000d5b00000)
  object space 87552K, 0% used [0x0000000081000000,0x0000000081000000,0x0000000086580000)
 Metaspace       used 776K, capacity 4480K, committed 4480K, reserved 1056768K
  class space    used 76K, capacity 384K, committed 384K, reserved 1048576K

Card table byte_map: [0x0000000011c00000,0x0000000012000000] byte_map_base: 0x00000000117f8000

Marking Bits: (ParMarkBitMap*) 0x00000000592f6d90
 Begin Bits: [0x00000000126b0000, 0x0000000014670000)
 End Bits:   [0x0000000014670000, 0x0000000016630000)

Polling page: 0x0000000002650000

CodeCache: size=245760Kb used=328Kb max_used=328Kb free=245431Kb
 bounds [0x0000000002840000, 0x0000000002ab0000, 0x0000000011840000]
 total_blobs=58 nmethods=0 adapters=38
 compilation: enabled

Compilation events (0 events):
No events

GC Heap History (0 events):
No events

Deoptimization events (0 events):
No events

Classes redefined (0 events):
No events

Internal exceptions (0 events):
No events

Events (10 events):
Event: 0.021 loading class java/lang/Short
Event: 0.021 loading class java/lang/Short done
Event: 0.021 loading class java/lang/Integer
Event: 0.021 loading class java/lang/Integer done
Event: 0.021 loading class java/lang/Long
Event: 0.021 loading class java/lang/Long done
Event: 0.021 loading class java/lang/NullPointerException
Event: 0.021 loading class java/lang/NullPointerException done
Event: 0.021 loading class java/lang/ArithmeticException
Event: 0.021 loading class java/lang/ArithmeticException done


Dynamic libraries:
0x00007ff7ddea0000 - 0x00007ff7dded7000 	C:\Program Files\Java\jdk1.8.0_231\bin\java.exe
0x00007ff974c40000 - 0x00007ff974e30000 	C:\Windows\SYSTEM32\ntdll.dll
0x00007ff974760000 - 0x00007ff974812000 	C:\Windows\System32\KERNEL32.DLL
0x00007ff9729b0000 - 0x00007ff972c53000 	C:\Windows\System32\KERNELBASE.dll
0x00007ff972f30000 - 0x00007ff972fd3000 	C:\Windows\System32\ADVAPI32.dll
0x00007ff973580000 - 0x00007ff97361e000 	C:\Windows\System32\msvcrt.dll
0x00007ff973aa0000 - 0x00007ff973b37000 	C:\Windows\System32\sechost.dll
0x00007ff973040000 - 0x00007ff973160000 	C:\Windows\System32\RPCRT4.dll
0x00007ff9733e0000 - 0x00007ff973574000 	C:\Windows\System32\USER32.dll
0x00007ff971cf0000 - 0x00007ff971d11000 	C:\Windows\System32\win32u.dll
0x00007ff972dd0000 - 0x00007ff972df6000 	C:\Windows\System32\GDI32.dll
0x00007ff9727a0000 - 0x00007ff972934000 	C:\Windows\System32\gdi32full.dll
0x00007ff971bd0000 - 0x00007ff971c6e000 	C:\Windows\System32\msvcp_win.dll
0x00007ff9726a0000 - 0x00007ff97279a000 	C:\Windows\System32\ucrtbase.dll
0x00007ff958390000 - 0x00007ff958615000 	C:\Windows\WinSxS\amd64_microsoft.windows.common-controls_6595b64144ccf1df_6.0.18362.418_none_e6c6b287130d565d\COMCTL32.dll
0x00007ff973760000 - 0x00007ff973a96000 	C:\Windows\System32\combase.dll
0x00007ff971c70000 - 0x00007ff971cf0000 	C:\Windows\System32\bcryptPrimitives.dll
0x00007ff973160000 - 0x00007ff97318e000 	C:\Windows\System32\IMM32.DLL
0x00000000589f0000 - 0x0000000058ac2000 	C:\Program Files\Java\jdk1.8.0_231\jre\bin\msvcr100.dll
0x0000000058ad0000 - 0x0000000059376000 	C:\Program Files\Java\jdk1.8.0_231\jre\bin\server\jvm.dll
0x00007ff973290000 - 0x00007ff973298000 	C:\Windows\System32\PSAPI.DLL
0x00007ff96f450000 - 0x00007ff96f474000 	C:\Windows\SYSTEM32\WINMM.dll
0x00007ff967e70000 - 0x00007ff967e7a000 	C:\Windows\SYSTEM32\VERSION.dll
0x00007ff960830000 - 0x00007ff960839000 	C:\Windows\SYSTEM32\WSOCK32.dll
0x00007ff9732a0000 - 0x00007ff97330f000 	C:\Windows\System32\WS2_32.dll
0x00007ff96f420000 - 0x00007ff96f44d000 	C:\Windows\SYSTEM32\winmmbase.dll
0x00007ff972960000 - 0x00007ff9729aa000 	C:\Windows\System32\cfgmgr32.dll
0x00007ff960060000 - 0x00007ff96006f000 	C:\Program Files\Java\jdk1.8.0_231\jre\bin\verify.dll
0x00007ff960030000 - 0x00007ff960059000 	C:\Program Files\Java\jdk1.8.0_231\jre\bin\java.dll
0x00007ff960010000 - 0x00007ff960026000 	C:\Program Files\Java\jdk1.8.0_231\jre\bin\zip.dll

VM Arguments:
jvm_args: -Dfile.encoding=UTF-8 
java_command: javaapplication3.NewJFrame6
java_class_path (initial): C:\Program Files\NetBeans 8.2\java\modules\ext\eclipselink\eclipselink.jar;C:\Program Files\NetBeans 8.2\java\modules\ext\eclipselink\javax.persistence_2.1.0.v201304241213.jar;C:\Program Files\NetBeans 8.2\java\modules\ext\eclipselink\org.eclipse.persistence.jpa.jpql_2.5.2.v20140319-9ad6abd.jar;C:\Program Files\NetBeans 8.2\ide\modules\ext\postgresql-9.4.1209.jar;C:\Program Files\NetBeans 8.2\java\modules\ext\beansbinding-1.2.1.jar;C:\Users\User\Desktop\mysql-connector-java-5.1.48\mysql-connector-java-5.1.48.jar;C:\Program Files\NetBeans 8.2\java\modules\ext\AbsoluteLayout.jar;C:\Users\User\Desktop\00000000000\RS2;C:\Users\User\Desktop\lib\jcalendar-1.4.jar;C:\Users\User\Downloads\jar_files (2).zip;C:\Users\User\Documents\NetBeansProjects\JavaApplication3\build\classes
Launcher Type: SUN_STANDARD

Environment Variables:
PATH=C:\Program Files (x86)\Common Files\Oracle\Java\javapath;C:\Windows\system32;C:\Windows;C:\Windows\System32\Wbem;C:\Windows\System32\WindowsPowerShell\v1.0\;C:\Windows\System32\OpenSSH\;C:\Users\User\AppData\Local\Microsoft\WindowsApps;
USERNAME=User
OS=Windows_NT
PROCESSOR_IDENTIFIER=Intel64 Family 6 Model 60 Stepping 3, GenuineIntel



---------------  S Y S T E M  ---------------

OS: Windows 10.0 , 64 bit Build 18362 (10.0.18362.329)

CPU:total 4 (initial active 4) (2 cores per cpu, 2 threads per core) family 6 model 60 stepping 3, cmov, cx8, fxsr, mmx, sse, sse2, sse3, ssse3, sse4.1, sse4.2, popcnt, avx, avx2, aes, clmul, erms, lzcnt, ht, tsc, tscinvbit, bmi1, bmi2

Memory: 4k page, physical 8319256k(2353784k free), swap 33485080k(5896k free)

vm_info: Java HotSpot(TM) 64-Bit Server VM (25.231-b11) for windows-amd64 JRE (1.8.0_231-b11), built on Oct  5 2019 03:11:30 by "java_re" with MS VC++ 10.0 (VS2010)

time: Sun Feb 02 14:21:20 2020
timezone: India Standard Time
elapsed time: 0 seconds (0d 0h 0m 0s)

