#
# There is insufficient memory for the Java Runtime Environment to continue.
# Native memory allocation (malloc) failed to allocate 580256 bytes for Chunk::new
# Possible reasons:
#   The system is out of physical RAM or swap space
#   The process is running with CompressedOops enabled, and the Java Heap may be blocking the growth of the native heap
# Possible solutions:
#   Reduce memory load on the system
#   Increase physical memory or swap space
#   Check if swap backing store is full
#   Decrease Java heap size (-Xmx/-Xms)
#   Decrease number of Java threads
#   Decrease Java thread stack sizes (-Xss)
#   Set larger code cache with -XX:ReservedCodeCacheSize=
#   JVM is running with Unscaled Compressed Oops mode in which the Java heap is
#     placed in the first 4GB address space. The Java Heap base address is the
#     maximum limit for the native heap growth. Please use -XX:HeapBaseMinAddress
#     to set the Java Heap base and to place the Java Heap above 4GB virtual address.
# This output file may be truncated or incomplete.
#
#  Out of Memory Error (allocation.cpp:389), pid=6264, tid=0x0000000000002f10
#
# JRE version: Java(TM) SE Runtime Environment (8.0_231-b11) (build 1.8.0_231-b11)
# Java VM: Java HotSpot(TM) 64-Bit Server VM (25.231-b11 mixed mode windows-amd64 compressed oops)
# Failed to write core dump. Minidumps are not enabled by default on client versions of Windows
#

---------------  T H R E A D  ---------------

Current thread (0x0000000017436000):  JavaThread "C2 CompilerThread1" daemon [_thread_in_native, id=12048, stack(0x0000000018b80000,0x0000000018c80000)]

Stack: [0x0000000018b80000,0x0000000018c80000]
[error occurred during error reporting (printing stack bounds), id 0xc0000005]

Native frames: (J=compiled Java code, j=interpreted, Vv=VM code, C=native code)


Current CompileTask:
C2:13438089 1262       4       java.lang.ClassLoader::getResource (36 bytes)


---------------  P R O C E S S  ---------------

Java Threads: ( => current thread )
  0x0000000019aa2000 JavaThread "TimerQueue" daemon [_thread_blocked, id=5352, stack(0x000000001b100000,0x000000001b200000)]
  0x0000000019878800 JavaThread "mysql-cj-abandoned-connection-cleanup" daemon [_thread_blocked, id=4072, stack(0x000000001a7c0000,0x000000001a8c0000)]
  0x000000000278e000 JavaThread "DestroyJavaVM" [_thread_blocked, id=11260, stack(0x00000000025c0000,0x00000000026c0000)]
  0x000000001955e800 JavaThread "AWT-EventQueue-0" [_thread_blocked, id=848, stack(0x000000001a4c0000,0x000000001a5c0000)]
  0x000000001917d000 JavaThread "AWT-Windows" daemon [_thread_in_native, id=5816, stack(0x0000000019ec0000,0x0000000019fc0000)]
  0x000000001917a000 JavaThread "AWT-Shutdown" [_thread_blocked, id=3832, stack(0x0000000019dc0000,0x0000000019ec0000)]
  0x0000000019179800 JavaThread "Java2D Disposer" daemon [_thread_blocked, id=11544, stack(0x0000000019cc0000,0x0000000019dc0000)]
  0x0000000018db0800 JavaThread "Service Thread" daemon [_thread_blocked, id=6968, stack(0x0000000019180000,0x0000000019280000)]
  0x0000000017439800 JavaThread "C1 CompilerThread2" daemon [_thread_blocked, id=5492, stack(0x0000000018c80000,0x0000000018d80000)]
=>0x0000000017436000 JavaThread "C2 CompilerThread1" daemon [_thread_in_native, id=12048, stack(0x0000000018b80000,0x0000000018c80000)]
  0x000000001742c000 JavaThread "C2 CompilerThread0" daemon [_thread_blocked, id=11556, stack(0x0000000018a80000,0x0000000018b80000)]
  0x0000000017429000 JavaThread "Attach Listener" daemon [_thread_blocked, id=10332, stack(0x0000000018980000,0x0000000018a80000)]
  0x0000000017427800 JavaThread "Signal Dispatcher" daemon [_thread_blocked, id=7152, stack(0x0000000018880000,0x0000000018980000)]
  0x0000000002888800 JavaThread "Finalizer" daemon [_thread_blocked, id=4656, stack(0x0000000018680000,0x0000000018780000)]
  0x0000000002883000 JavaThread "Reference Handler" daemon [_thread_blocked, id=10992, stack(0x0000000018580000,0x0000000018680000)]

Other Threads:
  0x00000000173e7800 VMThread [stack: 0x0000000018480000,0x0000000018580000] [id=104]
  0x000000001747d000 WatcherThread [stack: 0x0000000019280000,0x0000000019380000] [id=2848]

VM state:not at safepoint (normal execution)

VM Mutex/Monitor currently owned by a thread: None

heap address: 0x0000000081000000, size: 2032 MB, Compressed Oops mode: 32-bit
Narrow klass base: 0x0000000000000000, Narrow klass shift: 3
Compressed class space size: 1073741824 Address: 0x0000000100000000

Heap:
 PSYoungGen      total 38400K, used 26163K [0x00000000d5b00000, 0x00000000d8580000, 0x0000000100000000)
  eden space 33280K, 78% used [0x00000000d5b00000,0x00000000d748cf50,0x00000000d7b80000)
  from space 5120K, 0% used [0x00000000d8080000,0x00000000d8080000,0x00000000d8580000)
  to   space 5120K, 0% used [0x00000000d7b80000,0x00000000d7b80000,0x00000000d8080000)
 ParOldGen       total 87552K, used 0K [0x0000000081000000, 0x0000000086580000, 0x00000000d5b00000)
  object space 87552K, 0% used [0x0000000081000000,0x0000000081000000,0x0000000086580000)
 Metaspace       used 15690K, capacity 15906K, committed 16128K, reserved 1062912K
  class space    used 1914K, capacity 2003K, committed 2048K, reserved 1048576K

Card table byte_map: [0x0000000011c50000,0x0000000012050000] byte_map_base: 0x0000000011848000

Marking Bits: (ParMarkBitMap*) 0x00000000592f6d90
 Begin Bits: [0x0000000012700000, 0x00000000146c0000)
 End Bits:   [0x00000000146c0000, 0x0000000016680000)

Polling page: 0x0000000000830000

CodeCache: size=245760Kb used=4288Kb max_used=4311Kb free=241471Kb
 bounds [0x0000000002890000, 0x0000000002cd0000, 0x0000000011890000]
 total_blobs=1826 nmethods=1262 adapters=476
 compilation: enabled

Compilation events (10 events):
Event: 12741.088 Thread 0x0000000017436000 nmethod 1258 0x0000000002c895d0 code [0x0000000002c89700, 0x0000000002c89778]
Event: 12881.498 Thread 0x0000000017436000 1259       4       sun.net.util.IPAddressUtil::checkHostString (53 bytes)
Event: 12881.500 Thread 0x0000000017436000 nmethod 1259 0x0000000002cba810 code [0x0000000002cba940, 0x0000000002cba9b8]
Event: 13031.943 Thread 0x0000000017436000 1260   !   4       java.net.URL::<init> (543 bytes)
Event: 13032.130 Thread 0x0000000017436000 nmethod 1260 0x0000000002cc0e10 code [0x0000000002cc0fe0, 0x0000000002cc2368]
Event: 13307.626 Thread 0x0000000017436000 1261       4       java.net.URLStreamHandler::parseURL (1193 bytes)
Event: 13307.737 Thread 0x0000000017436000 nmethod 1261 0x0000000002cc8150 code [0x0000000002cc83c0, 0x0000000002ccb5a8]
Event: 13437.987 Thread 0x0000000017436000 1262       4       java.lang.ClassLoader::getResource (36 bytes)
Event: 13437.988 Thread 0x000000001742c000 1263   !   4       sun.misc.URLClassPath::check (123 bytes)
Event: 13437.995 Thread 0x000000001742c000 nmethod 1263 0x0000000002cba5d0 code [0x0000000002cba700, 0x0000000002cba778]

GC Heap History (0 events):
No events

Deoptimization events (10 events):
Event: 0.364 Thread 0x000000001955e800 Uncommon trap: reason=unstable_if action=reinterpret pc=0x0000000002a97a20 method=java.util.HashMap.putVal(ILjava/lang/Object;Ljava/lang/Object;ZZ)Ljava/lang/Object; @ 109
Event: 0.365 Thread 0x000000001955e800 Uncommon trap: reason=unstable_if action=reinterpret pc=0x0000000002a9b5d0 method=java.util.HashMap.putVal(ILjava/lang/Object;Ljava/lang/Object;ZZ)Ljava/lang/Object; @ 109
Event: 0.392 Thread 0x000000001955e800 Uncommon trap: reason=class_check action=maybe_recompile pc=0x0000000002a04fd4 method=java.lang.String.equals(Ljava/lang/Object;)Z @ 8
Event: 0.396 Thread 0x000000001955e800 Uncommon trap: reason=class_check action=maybe_recompile pc=0x0000000002a04fd4 method=java.lang.String.equals(Ljava/lang/Object;)Z @ 8
Event: 0.466 Thread 0x000000001955e800 Uncommon trap: reason=unstable_if action=reinterpret pc=0x0000000002aeb9a0 method=java.util.Properties.loadConvert([CII[C)Ljava/lang/String; @ 4
Event: 0.671 Thread 0x000000001955e800 Uncommon trap: reason=unstable_if action=reinterpret pc=0x0000000002aee9ec method=java.util.Properties$LineReader.readLine()I @ 252
Event: 0.683 Thread 0x000000001955e800 Uncommon trap: reason=class_check action=maybe_recompile pc=0x0000000002b305a0 method=java.util.Properties$LineReader.readLine()I @ 410
Event: 0.835 Thread 0x000000001955e800 Uncommon trap: reason=class_check action=maybe_recompile pc=0x0000000002a04fd4 method=java.lang.String.equals(Ljava/lang/Object;)Z @ 8
Event: 0.836 Thread 0x000000001955e800 Uncommon trap: reason=class_check action=maybe_recompile pc=0x0000000002a04fd4 method=java.lang.String.equals(Ljava/lang/Object;)Z @ 8
Event: 0.882 Thread 0x000000001955e800 Uncommon trap: reason=unstable_if action=reinterpret pc=0x0000000002b563fc method=java.awt.MultipleGradientPaintContext.indexIntoGradientsArrays(F)I @ 93

Classes redefined (0 events):
No events

Internal exceptions (10 events):
Event: 0.258 Thread 0x000000000278e000 Exception <a 'java/lang/ClassNotFoundException': ToolBar> (0x00000000d5f6e470) thrown at [C:\re\workspace\8-2-build-windows-amd64-cygwin\jdk8u231\13620\hotspot\src\share\vm\classfile\systemDictionary.cpp, line 210]
Event: 0.258 Thread 0x000000000278e000 Exception <a 'java/lang/ClassNotFoundException': ToggleButton> (0x00000000d5f6ea20) thrown at [C:\re\workspace\8-2-build-windows-amd64-cygwin\jdk8u231\13620\hotspot\src\share\vm\classfile\systemDictionary.cpp, line 210]
Event: 0.258 Thread 0x000000000278e000 Exception <a 'java/lang/ClassNotFoundException': javax/swing/JToolBarSeparator> (0x00000000d5f6ee80) thrown at [C:\re\workspace\8-2-build-windows-amd64-cygwin\jdk8u231\13620\hotspot\src\share\vm\classfile\systemDictionary.cpp, line 210]
Event: 0.258 Thread 0x000000000278e000 Exception <a 'java/lang/ClassNotFoundException': ToolBarSeparator> (0x00000000d5f6f318) thrown at [C:\re\workspace\8-2-build-windows-amd64-cygwin\jdk8u231\13620\hotspot\src\share\vm\classfile\systemDictionary.cpp, line 210]
Event: 0.258 Thread 0x000000000278e000 Exception <a 'java/lang/ClassNotFoundException': ToolTip> (0x00000000d5f6fa58) thrown at [C:\re\workspace\8-2-build-windows-amd64-cygwin\jdk8u231\13620\hotspot\src\share\vm\classfile\systemDictionary.cpp, line 210]
Event: 0.259 Thread 0x000000000278e000 Exception <a 'java/lang/ClassNotFoundException': Tree> (0x00000000d5f70678) thrown at [C:\re\workspace\8-2-build-windows-amd64-cygwin\jdk8u231\13620\hotspot\src\share\vm\classfile\systemDictionary.cpp, line 210]
Event: 0.259 Thread 0x000000000278e000 Exception <a 'java/lang/ClassNotFoundException': Tree> (0x00000000d5f70db8) thrown at [C:\re\workspace\8-2-build-windows-amd64-cygwin\jdk8u231\13620\hotspot\src\share\vm\classfile\systemDictionary.cpp, line 210]
Event: 0.259 Thread 0x000000000278e000 Exception <a 'java/lang/ClassNotFoundException': javax/swing/JTreeCell> (0x00000000d5f71138) thrown at [C:\re\workspace\8-2-build-windows-amd64-cygwin\jdk8u231\13620\hotspot\src\share\vm\classfile\systemDictionary.cpp, line 210]
Event: 0.259 Thread 0x000000000278e000 Exception <a 'java/lang/ClassNotFoundException': TreeCell> (0x00000000d5f715c0) thrown at [C:\re\workspace\8-2-build-windows-amd64-cygwin\jdk8u231\13620\hotspot\src\share\vm\classfile\systemDictionary.cpp, line 210]
Event: 0.260 Thread 0x000000000278e000 Exception <a 'java/lang/ClassNotFoundException': RootPane> (0x00000000d5f72020) thrown at [C:\re\workspace\8-2-build-windows-amd64-cygwin\jdk8u231\13620\hotspot\src\share\vm\classfile\systemDictionary.cpp, line 210]

Events (10 events):
Event: 3.305 loading class javax/swing/Timer$1
Event: 3.306 loading class javax/swing/Timer$1 done
Event: 4.102 Executing VM operation: EnableBiasedLocking
Event: 4.102 Executing VM operation: EnableBiasedLocking done
Event: 4.375 loading class java/awt/LightweightDispatcher$2
Event: 4.375 loading class java/awt/LightweightDispatcher$2 done
Event: 8.830 loading class java/awt/KeyboardFocusManager$2
Event: 8.830 loading class java/awt/KeyboardFocusManager$2 done
Event: 8.830 loading class sun/awt/SunToolkit$1
Event: 8.830 loading class sun/awt/SunToolkit$1 done


Dynamic libraries:
0x00007ff7ddea0000 - 0x00007ff7dded7000 	C:\Program Files\Java\jdk1.8.0_231\bin\java.exe
0x00007ff974c40000 - 0x00007ff974e30000 	C:\Windows\SYSTEM32\ntdll.dll
0x00007ff974760000 - 0x00007ff974812000 	C:\Windows\System32\KERNEL32.DLL
0x00007ff9729b0000 - 0x00007ff972c53000 	C:\Windows\System32\KERNELBASE.dll
0x00007ff972f30000 - 0x00007ff972fd3000 	C:\Windows\System32\ADVAPI32.dll
0x00007ff973580000 - 0x00007ff97361e000 	C:\Windows\System32\msvcrt.dll
0x00007ff973aa0000 - 0x00007ff973b37000 	C:\Windows\System32\sechost.dll
0x00007ff973040000 - 0x00007ff973160000 	C:\Windows\System32\RPCRT4.dll
0x00007ff9733e0000 - 0x00007ff973574000 	C:\Windows\System32\USER32.dll
0x00007ff971cf0000 - 0x00007ff971d11000 	C:\Windows\System32\win32u.dll
0x00007ff972dd0000 - 0x00007ff972df6000 	C:\Windows\System32\GDI32.dll
0x00007ff9727a0000 - 0x00007ff972934000 	C:\Windows\System32\gdi32full.dll
0x00007ff971bd0000 - 0x00007ff971c6e000 	C:\Windows\System32\msvcp_win.dll
0x00007ff9726a0000 - 0x00007ff97279a000 	C:\Windows\System32\ucrtbase.dll
0x00007ff958390000 - 0x00007ff958615000 	C:\Windows\WinSxS\amd64_microsoft.windows.common-controls_6595b64144ccf1df_6.0.18362.418_none_e6c6b287130d565d\COMCTL32.dll
0x00007ff973760000 - 0x00007ff973a96000 	C:\Windows\System32\combase.dll
0x00007ff971c70000 - 0x00007ff971cf0000 	C:\Windows\System32\bcryptPrimitives.dll
0x00007ff973160000 - 0x00007ff97318e000 	C:\Windows\System32\IMM32.DLL
0x00000000589f0000 - 0x0000000058ac2000 	C:\Program Files\Java\jdk1.8.0_231\jre\bin\msvcr100.dll
0x0000000058ad0000 - 0x0000000059376000 	C:\Program Files\Java\jdk1.8.0_231\jre\bin\server\jvm.dll
0x00007ff973290000 - 0x00007ff973298000 	C:\Windows\System32\PSAPI.DLL
0x00007ff960830000 - 0x00007ff960839000 	C:\Windows\SYSTEM32\WSOCK32.dll
0x00007ff96f450000 - 0x00007ff96f474000 	C:\Windows\SYSTEM32\WINMM.dll
0x00007ff9732a0000 - 0x00007ff97330f000 	C:\Windows\System32\WS2_32.dll
0x00007ff967e70000 - 0x00007ff967e7a000 	C:\Windows\SYSTEM32\VERSION.dll
0x00007ff96f420000 - 0x00007ff96f44d000 	C:\Windows\SYSTEM32\winmmbase.dll
0x00007ff972960000 - 0x00007ff9729aa000 	C:\Windows\System32\cfgmgr32.dll
0x00007ff960060000 - 0x00007ff96006f000 	C:\Program Files\Java\jdk1.8.0_231\jre\bin\verify.dll
0x00007ff960030000 - 0x00007ff960059000 	C:\Program Files\Java\jdk1.8.0_231\jre\bin\java.dll
0x00007ff960010000 - 0x00007ff960026000 	C:\Program Files\Java\jdk1.8.0_231\jre\bin\zip.dll
0x00007ff973bf0000 - 0x00007ff9742d5000 	C:\Windows\System32\SHELL32.dll
0x00007ff9749f0000 - 0x00007ff974a99000 	C:\Windows\System32\shcore.dll
0x00007ff971f20000 - 0x00007ff97269f000 	C:\Windows\System32\windows.storage.dll
0x00007ff971bb0000 - 0x00007ff971bcf000 	C:\Windows\System32\profapi.dll
0x00007ff971b40000 - 0x00007ff971b8a000 	C:\Windows\System32\powrprof.dll
0x00007ff971b10000 - 0x00007ff971b20000 	C:\Windows\System32\UMPDC.dll
0x00007ff972cf0000 - 0x00007ff972d42000 	C:\Windows\System32\shlwapi.dll
0x00007ff971b20000 - 0x00007ff971b31000 	C:\Windows\System32\kernel.appcore.dll
0x00007ff972940000 - 0x00007ff972957000 	C:\Windows\System32\cryptsp.dll
0x00007ff942fc0000 - 0x00007ff94315a000 	C:\Program Files\Java\jdk1.8.0_231\jre\bin\awt.dll
0x00007ff972e00000 - 0x00007ff972ec4000 	C:\Windows\System32\OLEAUT32.dll
0x00007ff96fcb0000 - 0x00007ff96fd3f000 	C:\Windows\SYSTEM32\apphelp.dll
0x00007ff96fe70000 - 0x00007ff96ff09000 	C:\Windows\system32\uxtheme.dll
0x00007ff973620000 - 0x00007ff973756000 	C:\Windows\System32\MSCTF.dll
0x00007ff974aa0000 - 0x00007ff974bf6000 	C:\Windows\System32\ole32.dll
0x00007ff96ff60000 - 0x00007ff96ff8d000 	C:\Windows\system32\DWMAPI.DLL
0x00007ff95ff80000 - 0x00007ff95ffc9000 	C:\Program Files\Java\jdk1.8.0_231\jre\bin\fontmanager.dll
0x00007ff95cb40000 - 0x00007ff95cc96000 	C:\Windows\system32\opengl32.dll
0x00007ff961a10000 - 0x00007ff961a3c000 	C:\Windows\SYSTEM32\GLU32.dll
0x00007ff970780000 - 0x00007ff9707a0000 	C:\Windows\SYSTEM32\dxcore.dll
0x00007ff95fff0000 - 0x00007ff96000a000 	C:\Program Files\Java\jdk1.8.0_231\jre\bin\net.dll
0x00007ff971380000 - 0x00007ff9713e7000 	C:\Windows\system32\mswsock.dll
0x00007ff95ffd0000 - 0x00007ff95ffe2000 	C:\Program Files\Java\jdk1.8.0_231\jre\bin\nio.dll
0x00007ff95ff30000 - 0x00007ff95ff72000 	C:\Program Files\Java\jdk1.8.0_231\jre\bin\t2k.dll
0x00007ff9710d0000 - 0x00007ff97119a000 	C:\Windows\SYSTEM32\DNSAPI.dll
0x00007ff9742e0000 - 0x00007ff9742e8000 	C:\Windows\System32\NSI.dll
0x00007ff971090000 - 0x00007ff9710ca000 	C:\Windows\SYSTEM32\IPHLPAPI.DLL
0x00007ff966a90000 - 0x00007ff966a9a000 	C:\Windows\System32\rasadhlp.dll
0x00007ff967950000 - 0x00007ff9679c7000 	C:\Windows\System32\fwpuclnt.dll
0x00007ff972c60000 - 0x00007ff972c86000 	C:\Windows\System32\bcrypt.dll
0x00007ff961e00000 - 0x00007ff961e9e000 	C:\Windows\System32\TextInputFramework.dll
0x00007ff96ccf0000 - 0x00007ff96d01a000 	C:\Windows\System32\CoreUIComponents.dll
0x00007ff96faa0000 - 0x00007ff96fb74000 	C:\Windows\System32\CoreMessaging.dll
0x00007ff970b70000 - 0x00007ff970ba1000 	C:\Windows\SYSTEM32\ntmarta.dll
0x00007ff96d8f0000 - 0x00007ff96da43000 	C:\Windows\SYSTEM32\wintypes.dll
0x00007ff957ff0000 - 0x00007ff95801a000 	C:\Program Files\Java\jdk1.8.0_231\jre\bin\dcpr.dll
0x00007ff963230000 - 0x00007ff9634d6000 	C:\Windows\System32\iertutil.dll

VM Arguments:
jvm_args: -Dfile.encoding=UTF-8 
java_command: javaapplication3.ADDEL
java_class_path (initial): C:\Program Files\NetBeans 8.2\java\modules\ext\eclipselink\eclipselink.jar;C:\Program Files\NetBeans 8.2\java\modules\ext\eclipselink\javax.persistence_2.1.0.v201304241213.jar;C:\Program Files\NetBeans 8.2\java\modules\ext\eclipselink\org.eclipse.persistence.jpa.jpql_2.5.2.v20140319-9ad6abd.jar;C:\Program Files\NetBeans 8.2\ide\modules\ext\postgresql-9.4.1209.jar;C:\Program Files\NetBeans 8.2\java\modules\ext\beansbinding-1.2.1.jar;C:\Users\User\Desktop\mysql-connector-java-5.1.48\mysql-connector-java-5.1.48.jar;C:\Program Files\NetBeans 8.2\java\modules\ext\AbsoluteLayout.jar;C:\Users\User\Desktop\00000000000\RS2;C:\Users\User\Desktop\lib\jcalendar-1.4.jar;C:\Users\User\Downloads\jar_files (2).zip;C:\Users\User\Documents\NetBeansProjects\JavaApplication3\build\classes
Launcher Type: SUN_STANDARD

Environment Variables:
PATH=C:\Program Files (x86)\Common Files\Oracle\Java\javapath;C:\Windows\system32;C:\Windows;C:\Windows\System32\Wbem;C:\Windows\System32\WindowsPowerShell\v1.0\;C:\Windows\System32\OpenSSH\;C:\Users\User\AppData\Local\Microsoft\WindowsApps;
USERNAME=User
OS=Windows_NT
PROCESSOR_IDENTIFIER=Intel64 Family 6 Model 60 Stepping 3, GenuineIntel



---------------  S Y S T E M  ---------------

OS: Windows 10.0 , 64 bit Build 18362 (10.0.18362.329)

CPU:total 4 (initial active 4) (2 cores per cpu, 2 threads per core) family 6 model 60 stepping 3, cmov, cx8, fxsr, mmx, sse, sse2, sse3, ssse3, sse4.1, sse4.2, popcnt, avx, avx2, aes, clmul, erms, lzcnt, ht, tsc, tscinvbit, bmi1, bmi2

Memory: 4k page, physical 8319256k(2443940k free), swap 33485080k(4304k free)

vm_info: Java HotSpot(TM) 64-Bit Server VM (25.231-b11) for windows-amd64 JRE (1.8.0_231-b11), built on Oct  5 2019 03:11:30 by "java_re" with MS VC++ 10.0 (VS2010)

time: Sun Feb 02 14:18:18 2020
timezone: India Standard Time
elapsed time: 13438 seconds (0d 3h 43m 58s)

